[2025-10-01 20:38:03] [INFO]: [BOOTSTRAP] Loading listeners...
[2025-10-01 20:38:03] [INFO]: [Listeners] Loaded 0 file(s)
[2025-10-01 20:38:03] [INFO]: [BOOTSTRAP] All services ready.
[2025-10-01 20:38:03] [INFO]: [BOOTSTRAP] Server listening on port 6625
[2025-10-01 20:38:03] [INFO]: [MongoDB] Connected to the database successfully
[2025-10-01 20:38:09] [INFO]: [BOOTSTRAP] Loading listeners...
[2025-10-01 20:38:09] [INFO]: [Listeners] Loaded 0 file(s)
[2025-10-01 20:38:09] [INFO]: [BOOTSTRAP] All services ready.
[2025-10-01 20:38:09] [INFO]: [BOOTSTRAP] Server listening on port 6625
[2025-10-01 20:38:10] [INFO]: [MongoDB] Connected to the database successfully
[2025-10-01 20:38:22] [INFO]: [BOOTSTRAP] Loading listeners...
[2025-10-01 20:38:22] [INFO]: [Listeners] Loaded 0 file(s)
[2025-10-01 20:38:22] [INFO]: [BOOTSTRAP] All services ready.
[2025-10-01 20:38:22] [INFO]: [BOOTSTRAP] Server listening on port 6625
[2025-10-01 20:38:22] [INFO]: [MongoDB] Connected to the database successfully
[2025-10-01 20:38:49] [INFO]: [BOOTSTRAP] Loading listeners...
[2025-10-01 20:38:49] [INFO]: [Listeners] Loaded 0 file(s)
[2025-10-01 20:38:49] [INFO]: [BOOTSTRAP] All services ready.
[2025-10-01 20:38:49] [INFO]: [BOOTSTRAP] Server listening on port 6625
[2025-10-01 20:38:49] [INFO]: [MongoDB] Connected to the database successfully
[2025-10-01 20:38:58] [INFO]: [BOOTSTRAP] Loading listeners...
[2025-10-01 20:38:58] [INFO]: [Listeners] Loaded 0 file(s)
[2025-10-01 20:38:58] [INFO]: [BOOTSTRAP] All services ready.
[2025-10-01 20:38:58] [INFO]: [BOOTSTRAP] Server listening on port 6625
[2025-10-01 20:38:58] [INFO]: [MongoDB] Connected to the database successfully
[2025-10-01 20:39:05] [INFO]: [BOOTSTRAP] Loading listeners...
[2025-10-01 20:39:05] [INFO]: [Listeners] Loaded 0 file(s)
[2025-10-01 20:39:05] [INFO]: [BOOTSTRAP] All services ready.
[2025-10-01 20:39:05] [INFO]: [BOOTSTRAP] Server listening on port 6625
[2025-10-01 20:39:05] [INFO]: [MongoDB] Connected to the database successfully
[2025-10-01 20:39:09] [INFO]: [BOOTSTRAP] Starting services...
[2025-10-01 20:39:09] [INFO]: [BOOTSTRAP] Loading listeners...
[2025-10-01 20:39:09] [INFO]: [Listeners] Loaded 0 file(s)
[2025-10-01 20:39:09] [INFO]: [BOOTSTRAP] All services ready.
[2025-10-01 20:39:09] [INFO]: [BOOTSTRAP] Server listening on port 6625
[2025-10-01 20:39:10] [INFO]: [MongoDB] Connected to the database successfully
[2025-10-01 20:39:44] [INFO]: [BOOTSTRAP] Starting services...
[2025-10-01 20:39:44] [INFO]: [BOOTSTRAP] Loading listeners...
[2025-10-01 20:39:44] [INFO]: [Listeners] Loaded 0 file(s)
[2025-10-01 20:39:44] [INFO]: [BOOTSTRAP] All services ready.
[2025-10-01 20:39:44] [INFO]: [BOOTSTRAP] Server listening on port 6625
[2025-10-01 20:39:44] [INFO]: [MongoDB] Connected to the database successfully
[2025-10-01 20:40:33] [INFO]: [BOOTSTRAP] Starting services...
[2025-10-01 20:40:33] [INFO]: [BOOTSTRAP] Loading listeners...
[2025-10-01 20:40:33] [INFO]: [Listeners] Loaded 0 file(s)
[2025-10-01 20:40:33] [INFO]: [BOOTSTRAP] All services ready.
[2025-10-01 20:40:33] [INFO]: [BOOTSTRAP] Server listening on port 6625
[2025-10-01 20:40:33] [INFO]: [MongoDB] Connected to the database successfully
[2025-10-01 20:40:46] [INFO]: [BOOTSTRAP] Starting services...
[2025-10-01 20:40:46] [INFO]: [BOOTSTRAP] Loading listeners...
[2025-10-01 20:40:46] [INFO]: [Listeners] Loaded 0 file(s)
[2025-10-01 20:40:46] [INFO]: [BOOTSTRAP] All services ready.
[2025-10-01 20:40:46] [INFO]: [BOOTSTRAP] Server listening on port 6625
[2025-10-01 20:40:46] [INFO]: [MongoDB] Connected to the database successfully
[2025-10-01 20:40:53] [INFO]: [BOOTSTRAP] Starting services...
[2025-10-01 20:40:53] [INFO]: [BOOTSTRAP] Loading listeners...
[2025-10-01 20:40:53] [INFO]: [Listeners] Loaded 0 file(s)
[2025-10-01 20:40:53] [INFO]: [BOOTSTRAP] All services ready.
[2025-10-01 20:40:53] [INFO]: [BOOTSTRAP] Server listening on port 6625
[2025-10-01 20:40:54] [INFO]: [MongoDB] Connected to the database successfully
[2025-10-01 20:42:06] [INFO]: Bootstrap: Starting services...
[2025-10-01 20:42:06] [INFO]: Bootstrap: Loading listeners...
[2025-10-01 20:42:06] [INFO]: [Listeners] Loaded 0 file(s)
[2025-10-01 20:42:06] [INFO]: Bootstrap: All services ready.
[2025-10-01 20:42:06] [INFO]: Bootstrap: Server listening on port 6625
[2025-10-01 20:42:07] [INFO]: [MongoDB] Connected to the database successfully
[2025-10-01 20:42:21] [INFO]: Bootstrap: Starting services...
[2025-10-01 20:42:21] [INFO]: Bootstrap: Loading listeners...
[2025-10-01 20:42:21] [INFO]: [Listeners] Loaded 0 file(s)
[2025-10-01 20:42:21] [INFO]: Bootstrap: All services ready.
[2025-10-01 20:42:21] [INFO]: Bootstrap: Server listening on port 6625
[2025-10-01 20:42:21] [INFO]: [MongoDB] Connected to the database successfully
[2025-10-01 20:42:29] [INFO]: Bootstrap: Starting services...
[2025-10-01 20:42:29] [INFO]: Bootstrap: Loading listeners...
[2025-10-01 20:42:29] [INFO]: [Listeners] Loaded 0 file(s)
[2025-10-01 20:42:29] [INFO]: Bootstrap: All services ready.
[2025-10-01 20:42:29] [INFO]: Bootstrap: Server listening on port 6625
[2025-10-01 20:42:30] [INFO]: [MongoDB] Connected to the database successfully
[2025-10-01 20:42:44] [INFO]: Bootstrap: Starting services...
[2025-10-01 20:42:44] [INFO]: Bootstrap: Loading listeners...
[2025-10-01 20:42:44] [INFO]: [Listeners] Loaded 0 file(s)
[2025-10-01 20:42:44] [INFO]: Bootstrap: All services ready.
[2025-10-01 20:42:44] [INFO]: Bootstrap: Server listening on port 6625
[2025-10-01 20:42:45] [INFO]: [MongoDB] Connected to the database successfully
[2025-10-01 20:42:59] [INFO]: Bootstrap: Starting services...
[2025-10-01 20:42:59] [INFO]: Bootstrap: Loading listeners...
[2025-10-01 20:42:59] [INFO]: Listener: Loaded 0 file(s)
[2025-10-01 20:42:59] [INFO]: Bootstrap: All services ready.
[2025-10-01 20:42:59] [INFO]: Bootstrap: Server listening on port 6625
[2025-10-01 20:43:00] [INFO]: [MongoDB] Connected to the database successfully
[2025-10-01 20:43:01] [INFO]: Bootstrap: Starting services...
[2025-10-01 20:43:01] [INFO]: Bootstrap: Loading listeners...
[2025-10-01 20:43:01] [INFO]: Listener: Loaded 0 file(s)
[2025-10-01 20:43:01] [INFO]: Bootstrap: All services ready.
[2025-10-01 20:43:01] [INFO]: Bootstrap: Server listening on port 6625
[2025-10-01 20:43:01] [INFO]: [MongoDB] Connected to the database successfully
[2025-10-01 20:43:03] [INFO]: Bootstrap: Starting services...
[2025-10-01 20:43:03] [INFO]: Bootstrap: Loading listeners...
[2025-10-01 20:43:03] [INFO]: Listener: Loaded 0 file(s)
[2025-10-01 20:43:03] [INFO]: Bootstrap: All services ready.
[2025-10-01 20:43:03] [INFO]: Bootstrap: Server listening on port 6625
[2025-10-01 20:43:03] [INFO]: [MongoDB] Connected to the database successfully
[2025-10-01 20:43:05] [INFO]: Bootstrap: Starting services...
[2025-10-01 20:43:05] [INFO]: Bootstrap: Loading listeners...
[2025-10-01 20:43:05] [INFO]: Listener: Loaded 0 file(s)
[2025-10-01 20:43:05] [INFO]: Bootstrap: All services ready.
[2025-10-01 20:43:05] [INFO]: Bootstrap: Server listening on port 6625
[2025-10-01 20:43:06] [INFO]: [MongoDB] Connected to the database successfully
Bootstrap: Starting services...
Bootstrap: Loading listeners...
Listener: Loaded 0 file(s)
Bootstrap: All services ready.
Bootstrap: Server listening on port 6625
[MongoDB] Connected to the database successfully
[LOG]: Bootstrap: Starting services...
[LOG]: Bootstrap: Loading listeners...
[LOG]: Listener: Loaded 0 file(s)
[LOG]: Bootstrap: All services ready.
[LOG]: Bootstrap: Server listening on port 6625
[LOG]: [MongoDB] Connected to the database successfully
[LOG] -> Bootstrap: Starting services...
[LOG] -> Bootstrap: Loading listeners...
[LOG] -> Listener: Loaded 0 file(s)
[LOG] -> Bootstrap: All services ready.
[LOG] -> Bootstrap: Server listening on port 6625
[LOG] -> [MongoDB] Connected to the database successfully
[LOG] -> Bootstrap: Starting services...
[LOG] -> Bootstrap: Loading listeners...
[LOG] -> Listener: Loaded 0 file(s)
[LOG] -> Bootstrap: All services ready.
[LOG] -> Bootstrap: Server listening on port 6625
[LOG] -> MongoDB: Connected to the database successfully
[LOG] -> Bootstrap: Starting services...
[LOG] -> Bootstrap: Loading listeners...
[LOG] -> Listener: Loaded 0 file(s)
[LOG] -> Bootstrap: All services ready.
[LOG] -> Bootstrap: Server listening on port 6625
[LOG] -> MongoDB: Connected to the database successfully
[LOG] -> Bootstrap: Starting services...
[LOG] -> Bootstrap: Loading listeners...
[LOG] -> Listener: Loaded 0 file(s)
[LOG] -> Bootstrap: All services ready.
[LOG] -> Bootstrap: Server listening on port 6625
[LOG] -> MongoDB: Connected to the database successfully
[LOG] -> Bootstrap: Starting services...
[LOG] -> Bootstrap: Loading listeners...
[LOG] -> Listener: Loaded 0 file(s)
[LOG] -> Bootstrap: All services ready.
[LOG] -> Bootstrap: Server listening on port 6625
[LOG] -> MongoDB: Connected to the database successfully
[LOG] -> Bootstrap: Starting services...
[LOG] -> Bootstrap: Loading listeners...
[LOG] -> Listener: Loaded 0 file(s)
[LOG] -> Bootstrap: All services ready.
[LOG] -> Bootstrap: Server listening on port 6625
[LOG] -> MongoDB: Connected to the database successfully
[LOG] -> Bootstrap: Starting services...
[LOG] -> Bootstrap: Loading listeners...
[LOG] -> Listener: Loaded 0 file(s)
[LOG] -> Bootstrap: All services ready.
[LOG] -> Bootstrap: Server listening on port 6625
[LOG] -> MongoDB: Connected to the database successfully
[LOG] -> Bootstrap: Starting services...
[LOG] -> Bootstrap: Loading listeners...
[LOG] -> Listener: Loaded 0 file(s)
[LOG] -> Bootstrap: All services ready.
[LOG] -> Bootstrap: Server listening on port 6625
[LOG] -> MongoDB: Connected to the database successfully
[LOG] -> Bootstrap: Starting services...
[LOG] -> Bootstrap: Loading listeners...
[LOG] -> Listener: Loaded 0 file(s)
[LOG] -> Bootstrap: All services ready.
[LOG] -> Bootstrap: Server listening on port 6625
[LOG] -> MongoDB: Connected to the database successfully
[LOG] -> Bootstrap: Starting services...
[LOG] -> Bootstrap: Loading listeners...
[LOG] -> Listener: Loaded 0 file(s)
[LOG] -> Bootstrap: All services ready.
[LOG] -> Bootstrap: Server listening on port 6625
[LOG] -> MongoDB: Connected to the database successfully
[LOG] -> Bootstrap: Starting services...
[LOG] -> Bootstrap: Loading listeners...
[LOG] -> Listener: Loaded 0 file(s)
[LOG] -> Bootstrap: All services ready.
[LOG] -> Bootstrap: Server listening on port 6625
[LOG] -> MongoDB: Connected to the database successfully
[LOG] -> Bootstrap: Starting services...
[LOG] -> Bootstrap: Loading listeners...
[LOG] -> Listener: Loaded 0 file(s)
[LOG] -> Bootstrap: All services ready.
[LOG] -> Bootstrap: Server listening on port 6625
[LOG] -> MongoDB: Connected to the database successfully
[LOG] -> Bootstrap: Starting services...
[LOG] -> Bootstrap: Loading listeners...
[LOG] -> Listener: Loaded 0 file(s)
[LOG] -> Bootstrap: All services ready.
[LOG] -> Bootstrap: Server listening on port 6625
[LOG] -> MongoDB: Connected to the database successfully
[LOG] -> Bootstrap: Starting services...
[LOG] -> Bootstrap: Loading listeners...
[LOG] -> Listener: Loaded 0 file(s)
[LOG] -> Bootstrap: All services ready.
[LOG] -> Bootstrap: Server listening on port 6625
[LOG] -> MongoDB: Connected to the database successfully
[LOG] -> Bootstrap: Starting services...
[LOG] -> Bootstrap: Loading listeners...
[LOG] -> Listener: Loaded 0 file(s)
[LOG] -> Bootstrap: All services ready.
[LOG] -> Bootstrap: Server listening on port 6625
[LOG] -> MongoDB: Connected to the database successfully
[LOG] -> Bootstrap: Starting services...
[LOG] -> Bootstrap: Loading listeners...
[LOG] -> Listener: Loaded 0 file(s)
[LOG] -> Bootstrap: All services ready.
[LOG] -> Bootstrap: Server listening on port 6625
[LOG] -> MongoDB: Connected to the database successfully
[LOG] -> Bootstrap: Starting services...
[LOG] -> Bootstrap: Loading listeners...
[LOG] -> Listener: Loaded 0 file(s)
[LOG] -> Bootstrap: All services ready.
[LOG] -> Bootstrap: Server listening on port 6625
[LOG] -> Bootstrap: Starting services...
[LOG] -> Bootstrap: Loading listeners...
[LOG] -> Listener: Loaded 0 file(s)
[LOG] -> Bootstrap: All services ready.
[LOG] -> Bootstrap: Server listening on port 6625
[LOG] -> Bootstrap: Starting services...
[LOG] -> Bootstrap: Loading listeners...
[LOG] -> Listener: Loaded 0 file(s)
[LOG] -> Bootstrap: All services ready.
[LOG] -> Bootstrap: Server listening on port 6625
[LOG] -> Bootstrap: Starting services...
[LOG] -> Bootstrap: Loading listeners...
[LOG] -> Listener: Loaded 0 file(s)
[LOG] -> Bootstrap: All services ready.
[LOG] -> Bootstrap: Server listening on port 6625
[LOG] -> Bootstrap: Starting services...
[LOG] -> Bootstrap: Loading listeners...
[LOG] -> Listener: Loaded 0 file(s)
[LOG] -> Bootstrap: All services ready.
[LOG] -> Bootstrap: Server listening on port 6625
[LOG] -> Bootstrap: Starting services...
[LOG] -> Bootstrap: Loading listeners...
[LOG] -> Listener: Loaded 0 file(s)
[LOG] -> Bootstrap: All services ready.
[LOG] -> Bootstrap: Server listening on port 6625
[LOG] -> Bootstrap: Starting services...
[LOG] -> Bootstrap: Loading listeners...
[LOG] -> Listener: Loaded 0 file(s)
[LOG] -> Bootstrap: All services ready.
[LOG] -> Bootstrap: Server listening on port 6625
[LOG] -> Bootstrap: Starting services...
[LOG] -> Bootstrap: Loading listeners...
[LOG] -> Listener: Loaded 0 file(s)
[LOG] -> Bootstrap: All services ready.
[LOG] -> Bootstrap: Server listening on port 6625
[LOG] -> MongoDB: Connected to the database successfully
[LOG] -> Bootstrap: Starting services...
[LOG] -> Bootstrap: Loading listeners...
[LOG] -> Listener: Loaded 0 file(s)
[LOG] -> Bootstrap: All services ready.
[LOG] -> Bootstrap: Server listening on port 6625
[LOG] -> MongoDB: Connected to the database successfully
[LOG] -> Bootstrap: Starting services...
[LOG] -> Bootstrap: Loading listeners...
[LOG] -> Listener: Loaded 0 file(s)
[LOG] -> Bootstrap: All services ready.
[LOG] -> Bootstrap: Server listening on port 6625
[LOG] -> MongoDB: Connected to the database successfully
[LOG] -> Bootstrap: Starting services...
[LOG] -> Bootstrap: Loading listeners...
[LOG] -> Listener: Loaded 0 file(s)
[LOG] -> Bootstrap: All services ready.
[LOG] -> Bootstrap: Server listening on port 6625
[LOG] -> MongoDB: Connected to the database successfully
[LOG] -> Bootstrap: Starting services...
[LOG] -> Bootstrap: Loading listeners...
[LOG] -> Listener: Loaded 0 file(s)
[LOG] -> Bootstrap: All services ready.
[LOG] -> Bootstrap: Server listening on port 6625
[LOG] -> MongoDB: Connected to the database successfully
[LOG] -> Bootstrap: Starting services...
[LOG] -> Bootstrap: Loading listeners...
[LOG] -> Listener: Loaded 0 file(s)
[LOG] -> Bootstrap: All services ready.
[LOG] -> Bootstrap: Server listening on port 6625
[LOG] -> MongoDB: Connected to the database successfully
[LOG] -> Bootstrap: Starting services...
[LOG] -> Bootstrap: Loading listeners...
[LOG] -> Listener: Loaded 0 file(s)
[LOG] -> Bootstrap: All services ready.
[LOG] -> Bootstrap: Server listening on port 6625
[LOG] -> MongoDB: Connected to the database successfully
[LOG] -> Bootstrap: Starting services...
[LOG] -> Bootstrap: Loading listeners...
[LOG] -> Listener: Loaded 0 file(s)
[LOG] -> Bootstrap: All services ready.
[LOG] -> Bootstrap: Server listening on port 6625
[LOG] -> MongoDB: Connected to the database successfully
[LOG] -> Bootstrap: Starting services...
[LOG] -> Bootstrap: Loading listeners...
[LOG] -> Listener: Loaded 0 file(s)
[LOG] -> Bootstrap: All services ready.
[LOG] -> Bootstrap: Server listening on port 6625
[LOG] -> MongoDB: Connected to the database successfully
[LOG] -> Bootstrap: Starting services...
[LOG] -> Bootstrap: Loading listeners...
[LOG] -> Listener: Loaded 0 file(s)
[LOG] -> Bootstrap: All services ready.
[LOG] -> Bootstrap: Server listening on port 6625
[LOG] -> MongoDB: Connected to the database successfully
[LOG] -> Bootstrap: Starting services...
[LOG] -> Bootstrap: Loading listeners...
[LOG] -> Listener: Loaded 0 file(s)
[LOG] -> Bootstrap: All services ready.
[LOG] -> Bootstrap: Server listening on port 6625
[LOG] -> MongoDB: Connected to the database successfully
[LOG] -> Bootstrap: Starting services...
[LOG] -> Bootstrap: Loading listeners...
[LOG] -> Listener: Loaded 0 file(s)
[LOG] -> Bootstrap: All services ready.
[LOG] -> Bootstrap: Server listening on port 6625
[LOG] -> MongoDB: Connected to the database successfully
[LOG] -> Bootstrap: Starting services...
[LOG] -> Bootstrap: Loading listeners...
[LOG] -> Listener: Loaded 0 file(s)
[LOG] -> Bootstrap: All services ready.
[LOG] -> Bootstrap: Server listening on port 6625
[LOG] -> MongoDB: Connected to the database successfully
[LOG] -> Bootstrap: Starting services...
[LOG] -> Bootstrap: Loading listeners...
[LOG] -> Listener: Loaded 0 file(s)
[LOG] -> Bootstrap: All services ready.
[LOG] -> Bootstrap: Server listening on port 6625
[LOG] -> MongoDB: Connected to the database successfully
[LOG] -> Bootstrap: Starting services...
[LOG] -> Bootstrap: Loading listeners...
[LOG] -> Listener: Loaded 0 file(s)
[LOG] -> Bootstrap: All services ready.
[LOG] -> Bootstrap: Server listening on port 6625
[LOG] -> MongoDB: Connected to the database successfully
[LOG] -> Bootstrap: Starting services...
[LOG] -> Bootstrap: Loading listeners...
[LOG] -> Listener: Loaded 0 file(s)
[LOG] -> Bootstrap: All services ready.
[LOG] -> Bootstrap: Server listening on port 6625
[LOG] -> MongoDB: Connected to the database successfully
[LOG] -> Bootstrap: Starting services...
[LOG] -> Bootstrap: Loading listeners...
[LOG] -> Listener: Loaded 0 file(s)
[LOG] -> Bootstrap: All services ready.
[LOG] -> Bootstrap: Server listening on port 6625
[LOG] -> MongoDB: Connected to the database successfully
[LOG] -> Bootstrap: Starting services...
[LOG] -> Bootstrap: Loading listeners...
[LOG] -> Listener: Loaded 0 file(s)
[LOG] -> Bootstrap: All services ready.
[LOG] -> Bootstrap: Server listening on port 6625
[LOG] -> MongoDB: Connected to the database successfully
[LOG] -> Bootstrap: Starting services...
[LOG] -> Bootstrap: Loading listeners...
[LOG] -> Listener: Loaded 0 file(s)
[LOG] -> Bootstrap: All services ready.
[LOG] -> Bootstrap: Server listening on port 6625
[LOG] -> MongoDB: Connected to the database successfully
[LOG] -> Bootstrap: Starting services...
[LOG] -> Bootstrap: Loading listeners...
[LOG] -> Listener: Loaded 0 file(s)
[LOG] -> Bootstrap: All services ready.
[LOG] -> Bootstrap: Server listening on port 6625
[LOG] -> MongoDB: Connected to the database successfully
[LOG] -> Bootstrap: Starting services...
[LOG] -> Bootstrap: Loading listeners...
[LOG] -> Listener: Loaded 0 file(s)
[LOG] -> Bootstrap: All services ready.
[LOG] -> Bootstrap: Server listening on port 6625
[LOG] -> MongoDB: Connected to the database successfully
[LOG] -> Bootstrap: Starting services...
[LOG] -> Bootstrap: Loading listeners...
[LOG] -> Listener: Loaded 0 file(s)
[LOG] -> Bootstrap: All services ready.
[LOG] -> Bootstrap: Server listening on port 6625
[LOG] -> MongoDB: Connected to the database successfully
[LOG] -> Bootstrap: Starting services...
[LOG] -> Bootstrap: Loading listeners...
[LOG] -> Listener: Loaded 0 file(s)
[LOG] -> Bootstrap: All services ready.
[LOG] -> Bootstrap: Server listening on port 6625
[LOG] -> Bootstrap: Starting services...
[LOG] -> Bootstrap: Loading listeners...
[LOG] -> Listener: Loaded 0 file(s)
[LOG] -> Bootstrap: All services ready.
[LOG] -> Bootstrap: Server listening on port 6625
[LOG] -> MongoDB: Connected to the database successfully
[LOG] -> Bootstrap: Starting services...
[LOG] -> Bootstrap: Loading listeners...
[LOG] -> Listener: Loaded 0 file(s)
[LOG] -> Bootstrap: All services ready.
[LOG] -> Bootstrap: Server listening on port 6625
[LOG] -> MongoDB: Connected to the database successfully
[LOG] -> Bootstrap: Starting services...
[LOG] -> Bootstrap: Loading listeners...
[LOG] -> Listener: Loaded 0 file(s)
[LOG] -> Bootstrap: All services ready.
[LOG] -> Bootstrap: Server listening on port 6625
[LOG] -> MongoDB: Connected to the database successfully
[LOG] -> Bootstrap: Starting services...
[LOG] -> Bootstrap: Loading listeners...
[LOG] -> Listener: Loaded 0 file(s)
[LOG] -> Bootstrap: All services ready.
[LOG] -> Bootstrap: Server listening on port 6625
[LOG] -> MongoDB: Connected to the database successfully
[LOG] -> Bootstrap: Starting services...
[LOG] -> Bootstrap: Loading listeners...
[LOG] -> Listener: Loaded 0 file(s)
[LOG] -> Bootstrap: All services ready.
[LOG] -> Bootstrap: Server listening on port 6625
[LOG] -> MongoDB: Connected to the database successfully
[LOG] -> Bootstrap: Starting services...
[LOG] -> Bootstrap: Loading listeners...
[LOG] -> Listener: Loaded 0 file(s)
[LOG] -> Bootstrap: All services ready.
[LOG] -> Bootstrap: Server listening on port 6625
[LOG] -> MongoDB: Connected to the database successfully
[LOG] -> Bootstrap: Starting services...
[LOG] -> Bootstrap: Loading listeners...
[LOG] -> Listener: Loaded 0 file(s)
[LOG] -> Bootstrap: All services ready.
[LOG] -> Bootstrap: Server listening on port 6625
[LOG] -> MongoDB: Connected to the database successfully
[LOG] -> Bootstrap: Starting services...
[LOG] -> Bootstrap: Loading listeners...
[LOG] -> Listener: Loaded 0 file(s)
[LOG] -> Bootstrap: All services ready.
[LOG] -> Bootstrap: Server listening on port 6625
[LOG] -> MongoDB: Connected to the database successfully
[LOG] -> Bootstrap: Starting services...
[LOG] -> Bootstrap: Loading listeners...
[LOG] -> Listener: Loaded 0 file(s)
[LOG] -> Bootstrap: All services ready.
[LOG] -> Bootstrap: Server listening on port 6625
[LOG] -> MongoDB: Connected to the database successfully
[LOG] -> Bootstrap: Starting services...
[LOG] -> Bootstrap: Loading listeners...
[LOG] -> Listener: Loaded 0 file(s)
[LOG] -> Bootstrap: All services ready.
[LOG] -> Bootstrap: Server listening on port 6625
[LOG] -> MongoDB: Connected to the database successfully
[LOG] -> Bootstrap: Starting services...
[LOG] -> Bootstrap: Loading listeners...
[LOG] -> Listener: Loaded 0 file(s)
[LOG] -> Bootstrap: All services ready.
[LOG] -> Bootstrap: Server listening on port 6625
[LOG] -> MongoDB: Connected to the database successfully
[LOG] -> Bootstrap: Starting services...
[LOG] -> Bootstrap: Loading listeners...
[LOG] -> Listener: Loaded 0 file(s)
[LOG] -> Bootstrap: All services ready.
[LOG] -> Bootstrap: Server listening on port 6625
[LOG] -> MongoDB: Connected to the database successfully
[LOG] -> Bootstrap: Starting services...
[LOG] -> Bootstrap: Loading listeners...
[LOG] -> Listener: Loaded 0 file(s)
[LOG] -> Bootstrap: All services ready.
[LOG] -> Bootstrap: Server listening on port 6625
[LOG] -> MongoDB: Connected to the database successfully
[LOG] -> Bootstrap: Starting services...
[LOG] -> Bootstrap: Loading listeners...
[LOG] -> Listener: Loaded 0 file(s)
[LOG] -> Bootstrap: All services ready.
[LOG] -> Bootstrap: Server listening on port 6625
[LOG] -> MongoDB: Connected to the database successfully
[LOG] -> Bootstrap: Starting services...
[LOG] -> Bootstrap: Loading listeners...
[LOG] -> Listener: Loaded 0 file(s)
[LOG] -> Bootstrap: All services ready.
[LOG] -> Bootstrap: Server listening on port 6625
[LOG] -> MongoDB: Connected to the database successfully
[LOG] -> Bootstrap: Starting services...
[LOG] -> Bootstrap: Loading listeners...
[LOG] -> Listener: Loaded 0 file(s)
[LOG] -> Bootstrap: All services ready.
[LOG] -> Bootstrap: Server listening on port 6625
[LOG] -> MongoDB: Connected to the database successfully
[LOG] -> Bootstrap: Starting services...
[LOG] -> Bootstrap: Loading listeners...
[LOG] -> Listener: Loaded 0 file(s)
[LOG] -> Bootstrap: All services ready.
[LOG] -> Bootstrap: Server listening on port 6625
[LOG] -> MongoDB: Connected to the database successfully
[LOG] -> Bootstrap: Starting services...
[LOG] -> Bootstrap: Loading listeners...
[LOG] -> Listener: Loaded 0 file(s)
[LOG] -> Bootstrap: All services ready.
[LOG] -> Bootstrap: Server listening on port 6625
[LOG] -> MongoDB: Connected to the database successfully
[LOG] -> Bootstrap: Starting services...
[LOG] -> Bootstrap: Loading listeners...
[LOG] -> Listener: Loaded 0 file(s)
[LOG] -> Bootstrap: All services ready.
[LOG] -> Bootstrap: Server listening on port 6625
[LOG] -> MongoDB: Connected to the database successfully
[LOG] -> Bootstrap: Starting services...
[LOG] -> Bootstrap: Loading listeners...
[LOG] -> Listener: Loaded 0 file(s)
[LOG] -> Bootstrap: All services ready.
[LOG] -> Bootstrap: Server listening on port 6625
[LOG] -> MongoDB: Connected to the database successfully
[LOG] -> Bootstrap: Starting services...
[LOG] -> Bootstrap: Loading listeners...
[LOG] -> Listener: Loaded 0 file(s)
[LOG] -> Bootstrap: All services ready.
[LOG] -> Bootstrap: Server listening on port 6625
[LOG] -> MongoDB: Connected to the database successfully
[LOG] -> Bootstrap: Starting services...
[LOG] -> Bootstrap: Loading listeners...
[LOG] -> Listener: Loaded 0 file(s)
[LOG] -> Bootstrap: All services ready.
[LOG] -> Bootstrap: Server listening on port 6625
[LOG] -> MongoDB: Connected to the database successfully
[LOG] -> Bootstrap: Starting services...
[LOG] -> Bootstrap: Loading listeners...
[LOG] -> Listener: Loaded 0 file(s)
[LOG] -> Bootstrap: All services ready.
[LOG] -> Bootstrap: Server listening on port 6625
[LOG] -> MongoDB: Connected to the database successfully
[LOG] -> Bootstrap: Starting services...
[LOG] -> Bootstrap: Loading listeners...
[LOG] -> Listener: Loaded 0 file(s)
[LOG] -> Bootstrap: All services ready.
[LOG] -> Bootstrap: Server listening on port 6625
[LOG] -> MongoDB: Connected to the database successfully
[LOG] -> Bootstrap: Starting services...
[LOG] -> Bootstrap: Loading listeners...
[LOG] -> Listener: Loaded 0 file(s)
[LOG] -> Bootstrap: All services ready.
[LOG] -> Bootstrap: Server listening on port 6625
[LOG] -> MongoDB: Connected to the database successfully
[LOG] -> Bootstrap: Starting services...
[LOG] -> Bootstrap: Loading listeners...
[LOG] -> Listener: Loaded 0 file(s)
[LOG] -> Bootstrap: All services ready.
[LOG] -> Bootstrap: Server listening on port 6625
[LOG] -> MongoDB: Connected to the database successfully
[LOG] -> Bootstrap: Starting services...
[LOG] -> Bootstrap: Loading listeners...
[LOG] -> Listener: Loaded 0 file(s)
[LOG] -> Bootstrap: All services ready.
[LOG] -> Bootstrap: Server listening on port 6625
[LOG] -> MongoDB: Connected to the database successfully
[LOG] -> Bootstrap: Starting services...
[LOG] -> Bootstrap: Loading listeners...
[LOG] -> Listener: Loaded 0 file(s)
[LOG] -> Bootstrap: All services ready.
[LOG] -> Bootstrap: Server listening on port 6625
[LOG] -> MongoDB: Connected to the database successfully
[LOG] -> Bootstrap: Starting services...
[LOG] -> Bootstrap: Loading listeners...
[LOG] -> Listener: Loaded 0 file(s)
[LOG] -> Bootstrap: All services ready.
[LOG] -> Bootstrap: Server listening on port 6625
[LOG] -> Bootstrap: Starting services...
[LOG] -> Bootstrap: Loading listeners...
[LOG] -> Listener: Loaded 0 file(s)
[LOG] -> Bootstrap: All services ready.
[LOG] -> Bootstrap: Server listening on port 6625
[LOG] -> MongoDB: Connected to the database successfully
[LOG] -> Bootstrap: Starting services...
[LOG] -> Bootstrap: Loading listeners...
[LOG] -> Listener: Loaded 0 file(s)
[LOG] -> Bootstrap: All services ready.
[LOG] -> Bootstrap: Server listening on port 6625
[LOG] -> MongoDB: Connected to the database successfully
[LOG] -> Bootstrap: Starting services...
[LOG] -> Bootstrap: Loading listeners...
[LOG] -> Listener: Loaded 0 file(s)
[LOG] -> Bootstrap: All services ready.
[LOG] -> Bootstrap: Server listening on port 6625
[LOG] -> Bootstrap: Starting services...
[LOG] -> Bootstrap: Loading listeners...
[LOG] -> Listener: Loaded 0 file(s)
[LOG] -> Bootstrap: All services ready.
[LOG] -> Bootstrap: Server listening on port 6625
[LOG] -> MongoDB: Connected to the database successfully
[LOG] -> Bootstrap: Starting services...
[LOG] -> Bootstrap: Loading listeners...
[LOG] -> Listener: Loaded 0 file(s)
[LOG] -> Bootstrap: All services ready.
[LOG] -> Bootstrap: Server listening on port 6625
[LOG] -> Bootstrap: Starting services...
[LOG] -> Bootstrap: Loading listeners...
[LOG] -> Listener: Loaded 0 file(s)
[LOG] -> Bootstrap: All services ready.
[LOG] -> Bootstrap: Server listening on port 6625
[LOG] -> MongoDB: Connected to the database successfully
[LOG] -> Bootstrap: Starting services...
[LOG] -> Bootstrap: Loading listeners...
[LOG] -> Listener: Loaded 0 file(s)
[LOG] -> Bootstrap: All services ready.
[LOG] -> Bootstrap: Server listening on port 6625
[LOG] -> MongoDB: Connected to the database successfully
[LOG] -> Bootstrap: Starting services...
[LOG] -> Bootstrap: Loading listeners...
[LOG] -> Listener: Loaded 0 file(s)
[LOG] -> Bootstrap: All services ready.
[LOG] -> Bootstrap: Server listening on port 6625
[LOG] -> MongoDB: Connected to the database successfully
[LOG] -> Bootstrap: Starting services...
[LOG] -> Bootstrap: Loading listeners...
[LOG] -> Listener: Loaded 0 file(s)
[LOG] -> Bootstrap: All services ready.
[LOG] -> Bootstrap: Server listening on port 6625
[LOG] -> MongoDB: Connected to the database successfully
[LOG] -> Bootstrap: Starting services...
[LOG] -> Bootstrap: Loading listeners...
[LOG] -> Listener: Loaded 0 file(s)
[LOG] -> Bootstrap: All services ready.
[LOG] -> Bootstrap: Server listening on port 6625
[LOG] -> MongoDB: Connected to the database successfully
[LOG] -> Bootstrap: Starting services...
[LOG] -> Bootstrap: Loading listeners...
[LOG] -> Listener: Loaded 0 file(s)
[LOG] -> Bootstrap: All services ready.
[LOG] -> Bootstrap: Server listening on port 6625
[LOG] -> MongoDB: Connected to the database successfully
[LOG] -> Bootstrap: Starting services...
[LOG] -> Bootstrap: Loading listeners...
[LOG] -> Listener: Loaded 0 file(s)
[LOG] -> Bootstrap: All services ready.
[LOG] -> Bootstrap: Server listening on port 6625
[LOG] -> MongoDB: Connected to the database successfully
[LOG] -> Bootstrap: Starting services...
[LOG] -> Bootstrap: Loading listeners...
[LOG] -> Listener: Loaded 0 file(s)
[LOG] -> Bootstrap: All services ready.
[LOG] -> Bootstrap: Server listening on port 6625
[LOG] -> MongoDB: Connected to the database successfully
[LOG] -> Bootstrap: Starting services...
[LOG] -> Bootstrap: Loading listeners...
[LOG] -> Listener: Loaded 0 file(s)
[LOG] -> Bootstrap: All services ready.
[LOG] -> Bootstrap: Server listening on port 6625
[LOG] -> MongoDB: Connected to the database successfully
[LOG] -> Bootstrap: Starting services...
[LOG] -> Bootstrap: Loading listeners...
[LOG] -> Listener: Loaded 0 file(s)
[LOG] -> Bootstrap: All services ready.
[LOG] -> Bootstrap: Server listening on port 6625
[LOG] -> MongoDB: Connected to the database successfully
[LOG] -> Bootstrap: Starting services...
[LOG] -> Bootstrap: Loading listeners...
[LOG] -> Listener: Loaded 0 file(s)
[LOG] -> Bootstrap: All services ready.
[LOG] -> Bootstrap: Server listening on port 6625
[LOG] -> MongoDB: Connected to the database successfully
[LOG] -> Bootstrap: Starting services...
[LOG] -> Bootstrap: Loading listeners...
[LOG] -> Listener: Loaded 0 file(s)
[LOG] -> Bootstrap: All services ready.
[LOG] -> Bootstrap: Server listening on port 6625
[LOG] -> MongoDB: Connected to the database successfully
[LOG] -> Bootstrap: Starting services...
[LOG] -> Bootstrap: Loading listeners...
[LOG] -> Listener: Loaded 0 file(s)
[LOG] -> Bootstrap: All services ready.
[LOG] -> Bootstrap: Server listening on port 6625
[LOG] -> MongoDB: Connected to the database successfully
[LOG] -> Bootstrap: Starting services...
[LOG] -> Bootstrap: Loading listeners...
[LOG] -> Listener: Loaded 0 file(s)
[LOG] -> Bootstrap: All services ready.
[LOG] -> Bootstrap: Server listening on port 6625
[LOG] -> MongoDB: Connected to the database successfully
[LOG] -> Bootstrap: Starting services...
[LOG] -> Bootstrap: Loading listeners...
[LOG] -> Listener: Loaded 0 file(s)
[LOG] -> Bootstrap: All services ready.
[LOG] -> Bootstrap: Server listening on port 6625
[LOG] -> MongoDB: Connected to the database successfully
[LOG] -> Bootstrap: Starting services...
[LOG] -> Bootstrap: Loading listeners...
[LOG] -> Listener: Loaded 0 file(s)
[LOG] -> Bootstrap: All services ready.
[LOG] -> Bootstrap: Server listening on port 6625
[LOG] -> MongoDB: Connected to the database successfully
[LOG] -> Bootstrap: Starting services...
[LOG] -> Bootstrap: Loading listeners...
[LOG] -> Listener: Loaded 0 file(s)
[LOG] -> Bootstrap: All services ready.
[LOG] -> Bootstrap: Server listening on port 6625
[LOG] -> MongoDB: Connected to the database successfully
[LOG] -> Bootstrap: Starting services...
[LOG] -> Bootstrap: Loading listeners...
[LOG] -> Listener: Loaded 0 file(s)
[LOG] -> Bootstrap: All services ready.
[LOG] -> Bootstrap: Server listening on port 6625
[LOG] -> MongoDB: Connected to the database successfully
[LOG] -> Bootstrap: Starting services...
[LOG] -> Bootstrap: Loading listeners...
[LOG] -> Listener: Loaded 0 file(s)
[LOG] -> Bootstrap: All services ready.
[LOG] -> Bootstrap: Server listening on port 6625
[LOG] -> MongoDB: Connected to the database successfully
[LOG] -> Bootstrap: Starting services...
[LOG] -> Bootstrap: Loading listeners...
[LOG] -> Listener: Loaded 0 file(s)
[LOG] -> Bootstrap: All services ready.
[LOG] -> Bootstrap: Server listening on port 6625
[LOG] -> MongoDB: Connected to the database successfully
[LOG] -> Bootstrap: Starting services...
[LOG] -> Bootstrap: Loading listeners...
[LOG] -> Listener: Loaded 0 file(s)
[LOG] -> Bootstrap: All services ready.
[LOG] -> Bootstrap: Server listening on port 6625
[LOG] -> MongoDB: Connected to the database successfully
[LOG] -> Bootstrap: Starting services...
[LOG] -> Bootstrap: Loading listeners...
[LOG] -> Listener: Loaded 0 file(s)
[LOG] -> Bootstrap: All services ready.
[LOG] -> Bootstrap: Server listening on port 6625
[LOG] -> MongoDB: Connected to the database successfully
[LOG] -> Bootstrap: Starting services...
[LOG] -> Bootstrap: Loading listeners...
[LOG] -> Listener: Loaded 0 file(s)
[LOG] -> Bootstrap: All services ready.
[LOG] -> Bootstrap: Server listening on port 6625
[LOG] -> MongoDB: Connected to the database successfully
[LOG] -> Bootstrap: Starting services...
[LOG] -> Bootstrap: Loading listeners...
[LOG] -> Listener: Loaded 0 file(s)
[LOG] -> Bootstrap: All services ready.
[LOG] -> Bootstrap: Server listening on port 6625
[LOG] -> MongoDB: Connected to the database successfully
[LOG] -> Bootstrap: Starting services...
[LOG] -> Bootstrap: Loading listeners...
[LOG] -> Listener: Loaded 0 file(s)
[LOG] -> Bootstrap: All services ready.
[LOG] -> Bootstrap: Server listening on port 6625
[LOG] -> MongoDB: Connected to the database successfully
[LOG] -> Bootstrap: Starting services...
[LOG] -> Bootstrap: Loading listeners...
[LOG] -> Listener: Loaded 0 file(s)
[LOG] -> Bootstrap: All services ready.
[LOG] -> Bootstrap: Server listening on port 6625
[LOG] -> MongoDB: Connected to the database successfully
[LOG] -> Bootstrap: Starting services...
[LOG] -> Bootstrap: Loading listeners...
[LOG] -> Listener: Loaded 0 file(s)
[LOG] -> Bootstrap: All services ready.
[LOG] -> Bootstrap: Server listening on port 6625
[LOG] -> MongoDB: Connected to the database successfully
[LOG] -> Bootstrap: Starting services...
[LOG] -> Bootstrap: Loading listeners...
[LOG] -> Listener: Loaded 0 file(s)
[LOG] -> Bootstrap: All services ready.
[LOG] -> Bootstrap: Server listening on port 6625
[LOG] -> MongoDB: Connected to the database successfully
[LOG] -> Bootstrap: Starting services...
[LOG] -> Bootstrap: Loading listeners...
[LOG] -> Listener: Loaded 0 file(s)
[LOG] -> Bootstrap: All services ready.
[LOG] -> Bootstrap: Server listening on port 6625
[LOG] -> MongoDB: Connected to the database successfully
[LOG] -> Bootstrap: Starting services...
[LOG] -> Bootstrap: Loading listeners...
[LOG] -> Listener: Loaded 0 file(s)
[LOG] -> Bootstrap: All services ready.
[LOG] -> Bootstrap: Server listening on port 6625
[LOG] -> MongoDB: Connected to the database successfully
[LOG] -> Bootstrap: Starting services...
[LOG] -> Bootstrap: Loading listeners...
[LOG] -> Listener: Loaded 0 file(s)
[LOG] -> Bootstrap: All services ready.
[LOG] -> Bootstrap: Server listening on port 6625
[LOG] -> MongoDB: Connected to the database successfully
[LOG] -> Bootstrap: Starting services...
[LOG] -> Bootstrap: Loading listeners...
[LOG] -> Listener: Loaded 0 file(s)
[LOG] -> Bootstrap: All services ready.
[LOG] -> Bootstrap: Server listening on port 6625
[LOG] -> MongoDB: Connected to the database successfully
[LOG] -> Bootstrap: Starting services...
[LOG] -> Bootstrap: Loading listeners...
[LOG] -> Listener: Loaded 0 file(s)
[LOG] -> Bootstrap: All services ready.
[LOG] -> Bootstrap: Server listening on port 6625
[LOG] -> MongoDB: Connected to the database successfully
[LOG] -> Bootstrap: Starting services...
[LOG] -> Bootstrap: Loading listeners...
[LOG] -> Listener: Loaded 0 file(s)
[LOG] -> Bootstrap: All services ready.
[LOG] -> Bootstrap: Server listening on port 6625
[LOG] -> MongoDB: Connected to the database successfully
[LOG] -> Bootstrap: Starting services...
[LOG] -> Bootstrap: Loading listeners...
[LOG] -> Listener: Loaded 0 file(s)
[LOG] -> Bootstrap: All services ready.
[LOG] -> Bootstrap: Server listening on port 6625
[LOG] -> MongoDB: Connected to the database successfully
[LOG] -> Bootstrap: Starting services...
[LOG] -> Bootstrap: Loading listeners...
[LOG] -> Listener: Loaded 0 file(s)
[LOG] -> Bootstrap: All services ready.
[LOG] -> Bootstrap: Server listening on port 6625
[LOG] -> MongoDB: Connected to the database successfully
[LOG] -> Bootstrap: Starting services...
[LOG] -> Bootstrap: Loading listeners...
[LOG] -> Listener: Loaded 0 file(s)
[LOG] -> Bootstrap: All services ready.
[LOG] -> Bootstrap: Server listening on port 6625
[LOG] -> MongoDB: Connected to the database successfully
[LOG] -> Bootstrap: Starting services...
[LOG] -> Bootstrap: Loading listeners...
[LOG] -> Listener: Loaded 0 file(s)
[LOG] -> Bootstrap: All services ready.
[LOG] -> Bootstrap: Server listening on port 6625
[LOG] -> MongoDB: Connected to the database successfully
[LOG] -> Bootstrap: Starting services...
[LOG] -> Bootstrap: Loading listeners...
[LOG] -> Listener: Loaded 0 file(s)
[LOG] -> Bootstrap: All services ready.
[LOG] -> Bootstrap: Server listening on port 6625
[LOG] -> MongoDB: Connected to the database successfully
[LOG] -> Bootstrap: Starting services...
[LOG] -> Bootstrap: Loading listeners...
[LOG] -> Listener: Loaded 0 file(s)
[LOG] -> Bootstrap: All services ready.
[LOG] -> Bootstrap: Server listening on port 6625
[LOG] -> MongoDB: Connected to the database successfully
[LOG] -> Bootstrap: Starting services...
[LOG] -> Bootstrap: Loading listeners...
[LOG] -> Listener: Loaded 0 file(s)
[LOG] -> Bootstrap: All services ready.
[LOG] -> Bootstrap: Server listening on port 6625
[LOG] -> MongoDB: Connected to the database successfully
[LOG] -> Bootstrap: Starting services...
[LOG] -> Bootstrap: Loading listeners...
[LOG] -> Listener: Loaded 0 file(s)
[LOG] -> Bootstrap: All services ready.
[LOG] -> Bootstrap: Server listening on port 6625
[LOG] -> MongoDB: Connected to the database successfully
[LOG] -> Bootstrap: Starting services...
[LOG] -> Bootstrap: Loading listeners...
[LOG] -> Listener: Loaded 0 file(s)
[LOG] -> Bootstrap: All services ready.
[LOG] -> Bootstrap: Server listening on port 6625
[LOG] -> MongoDB: Connected to the database successfully
[LOG] -> Bootstrap: Starting services...
[LOG] -> Bootstrap: Loading listeners...
[LOG] -> Listener: Loaded 0 file(s)
[LOG] -> Bootstrap: All services ready.
[LOG] -> Bootstrap: Server listening on port 6625
[LOG] -> MongoDB: Connected to the database successfully
[LOG] -> Bootstrap: Starting services...
[LOG] -> Bootstrap: Loading listeners...
[LOG] -> Listener: Loaded 0 file(s)
[LOG] -> Bootstrap: All services ready.
[LOG] -> Bootstrap: Server listening on port 6625
[LOG] -> MongoDB: Connected to the database successfully
[LOG] -> Bootstrap: Starting services...
[LOG] -> Bootstrap: Loading listeners...
[LOG] -> Listener: Loaded 0 file(s)
[LOG] -> Bootstrap: All services ready.
[LOG] -> Bootstrap: Server listening on port 6625
[LOG] -> MongoDB: Connected to the database successfully
[LOG] -> Bootstrap: Starting services...
[LOG] -> Bootstrap: Loading listeners...
[LOG] -> Listener: Loaded 0 file(s)
[LOG] -> Bootstrap: All services ready.
[LOG] -> Bootstrap: Server listening on port 6625
[LOG] -> MongoDB: Connected to the database successfully
[LOG] -> Bootstrap: Starting services...
[LOG] -> Bootstrap: Loading listeners...
[LOG] -> Listener: Loaded 0 file(s)
[LOG] -> Bootstrap: All services ready.
[LOG] -> Bootstrap: Server listening on port 6625
[LOG] -> MongoDB: Connected to the database successfully
[LOG] -> Bootstrap: Starting services...
[LOG] -> Bootstrap: Loading listeners...
[LOG] -> Listener: Loaded 0 file(s)
[LOG] -> Bootstrap: All services ready.
[LOG] -> Bootstrap: Server listening on port 6625
[LOG] -> MongoDB: Connected to the database successfully
[LOG] -> Bootstrap: Starting services...
[LOG] -> Bootstrap: Loading listeners...
[LOG] -> Listener: Loaded 0 file(s)
[LOG] -> Bootstrap: All services ready.
[LOG] -> Bootstrap: Server listening on port 6625
[LOG] -> MongoDB: Connected to the database successfully
[LOG] -> Bootstrap: Starting services...
[LOG] -> Bootstrap: Loading listeners...
[LOG] -> Listener: Loaded 0 file(s)
[LOG] -> Bootstrap: All services ready.
[LOG] -> Bootstrap: Server listening on port 6625
[LOG] -> MongoDB: Connected to the database successfully
[LOG] -> Bootstrap: Starting services...
[LOG] -> Bootstrap: Loading listeners...
[LOG] -> Listener: Loaded 0 file(s)
[LOG] -> Bootstrap: All services ready.
[LOG] -> Bootstrap: Server listening on port 6625
[LOG] -> MongoDB: Connected to the database successfully
[LOG] -> Bootstrap: Starting services...
[LOG] -> Bootstrap: Loading listeners...
[LOG] -> Listener: Loaded 0 file(s)
[LOG] -> Bootstrap: All services ready.
[LOG] -> Bootstrap: Server listening on port 6625
[LOG] -> MongoDB: Connected to the database successfully
[LOG] -> Bootstrap: Starting services...
[LOG] -> Bootstrap: Loading listeners...
[LOG] -> Listener: Loaded 0 file(s)
[LOG] -> Bootstrap: All services ready.
[LOG] -> Bootstrap: Server listening on port 6625
[LOG] -> MongoDB: Connected to the database successfully
[LOG] -> Bootstrap: Starting services...
[LOG] -> Bootstrap: Loading listeners...
[LOG] -> Listener: Loaded 0 file(s)
[LOG] -> Bootstrap: All services ready.
[LOG] -> Bootstrap: Server listening on port 6625
[LOG] -> MongoDB: Connected to the database successfully
[LOG] -> Bootstrap: Starting services...
[LOG] -> Bootstrap: Loading listeners...
[LOG] -> Listener: Loaded 0 file(s)
[LOG] -> Bootstrap: All services ready.
[LOG] -> Bootstrap: Server listening on port 6625
[LOG] -> MongoDB: Connected to the database successfully
[LOG] -> Bootstrap: Starting services...
[LOG] -> Bootstrap: Loading listeners...
[LOG] -> Listener: Loaded 0 file(s)
[LOG] -> Bootstrap: All services ready.
[LOG] -> Bootstrap: Server listening on port 6625
[LOG] -> MongoDB: Connected to the database successfully
[LOG] -> Bootstrap: Starting services...
[LOG] -> Bootstrap: Loading listeners...
[LOG] -> Listener: Loaded 0 file(s)
[LOG] -> Bootstrap: All services ready.
[LOG] -> Bootstrap: Server listening on port 6625
[LOG] -> MongoDB: Connected to the database successfully
[LOG] -> Bootstrap: Starting services...
[LOG] -> Bootstrap: Loading listeners...
[LOG] -> Listener: Loaded 0 file(s)
[LOG] -> Bootstrap: All services ready.
[LOG] -> Bootstrap: Server listening on port 6625
[LOG] -> MongoDB: Connected to the database successfully
[LOG] -> Bootstrap: Starting services...
[LOG] -> Bootstrap: Loading listeners...
[LOG] -> Listener: Loaded 0 file(s)
[LOG] -> Bootstrap: All services ready.
[LOG] -> Bootstrap: Server listening on port 6625
[LOG] -> MongoDB: Connected to the database successfully
[LOG] -> Bootstrap: Starting services...
[LOG] -> Bootstrap: Loading listeners...
[LOG] -> Listener: Loaded 0 file(s)
[LOG] -> Bootstrap: All services ready.
[LOG] -> Bootstrap: Server listening on port 6625
[LOG] -> MongoDB: Connected to the database successfully
